---------- Evolution 0 ----------
32.68659210205078
32.68659210205078
32.68659210205078
32.68659210205078
32.68659210205078
32.68659210205078
32.68659210205078
32.68659210205078
32.68659210205078
32.68659210205078
32.68659210205078
---------- Evolution 1 ----------
---------- Evolution 2 ----------
---------- Evolution 3 ----------
32.65733337402344
32.65733337402344
32.67877960205078
32.65733337402344
32.65733337402344
32.65733337402344
32.65733337402344
32.657371520996094
32.65733337402344
32.657371520996094
32.657371520996094
---------- Evolution 4 ----------
32.67877960205078
32.67877960205078
32.67877960205078
32.67877960205078
32.67877960205078
32.67877960205078
32.68659210205078
32.68659210205078
32.68659210205078
32.68659210205078
32.68659210205078
---------- Evolution 5 ----------
33.63884735107422
33.623260498046875
33.63884735107422
33.623260498046875
33.623260498046875
33.623260498046875
33.63884735107422
33.63884735107422
33.63884735107422
33.63884735107422
33.63884735107422
---------- Evolution 6 ----------
33.63884735107422
33.63884735107422
33.63884735107422
33.64665985107422
33.63884735107422
33.64665985107422
33.61737060546875
33.617591857910156
33.617469787597656
33.617469787597656
33.617591857910156
---------- Evolution 7 ----------
34.598915100097656
34.598915100097656
34.598915100097656
34.598915100097656
34.598915100097656
34.598915100097656
34.598915100097656
34.598915100097656
34.598915100097656
34.606727600097656
34.598915100097656
---------- Evolution 8 ----------
35.574554443359375
35.574554443359375
35.574554443359375
35.574554443359375
35.574554443359375
35.574554443359375
35.55896759033203
35.574554443359375
35.55896759033203
35.574554443359375
35.574554443359375
---------- Evolution 9 ----------
37.617401123046875
37.617401123046875
37.617401123046875
37.617401123046875
37.617401123046875
37.617401123046875
37.617401123046875
37.617401123046875
37.617401123046875
37.617401123046875
37.617401123046875
---------- Evolution 10 ----------
41.617401123046875
41.617401123046875
41.617401123046875
41.617401123046875
41.617401123046875
41.617401123046875
41.617401123046875
41.617401123046875
41.617401123046875
41.617401123046875
41.617401123046875
---------- Evolution 11 ----------
49.617401123046875
49.617401123046875
49.617401123046875
49.617401123046875
49.617401123046875
49.617401123046875
49.617401123046875
49.617401123046875
49.617401123046875
49.617401123046875
49.617401123046875
---------- Evolution 12 ----------
29.617340087890625
29.617324829101562
29.617340087890625
29.617324829101562
29.617340087890625
29.617340087890625
29.617340087890625
29.617340087890625
29.617324829101562
29.61736297607422
29.617340087890625
---------- Evolution 13 ----------
29.617347717285156
29.617347717285156
29.61737823486328
29.617324829101562
29.617340087890625
29.617340087890625
29.617324829101562
29.617324829101562
29.617332458496094
29.617324829101562
29.617340087890625
---------- Evolution 14 ----------
74.5359878540039
74.83192443847656
74.68600463867188
74.44932556152344
74.6063003540039
74.68975067138672
74.8201675415039
74.52536010742188
74.53115844726562
74.66252899169922
72.86724853515625
---------- Evolution 15 ----------
136.45361328125
136.37448120117188
136.19241333007812
136.44952392578125
136.45355224609375
136.1551513671875
138.31366729736328
140.49478149414062
136.23780822753906
140.5044708251953
136.58697509765625
---------- Evolution 16 ----------
388.9462890625
330.94788360595703
331.1029052734375
330.9513168334961
378.720703125
333.0526809692383
370.77001953125
331.10107421875
330.8017883300781
330.8060760498047
372.83740234375
---------- Evolution 17 ----------
301.697265625
244.27197265625
277.66199493408203
277.55213165283203
250.98974609375
361.47265625
299.47998046875
235.66650390625
306.94140625
275.6011047363281
301.4091796875
